\BOOKMARK [0][-]{chapter.1}{Introduction}{}
\BOOKMARK [0][-]{chapter.2}{X-ray Source}{}
\BOOKMARK [1][-]{section.2.1}{Normal startup procedure}{chapter.2}
\BOOKMARK [1][-]{section.2.2}{Tube conditioning procedure}{chapter.2}
\BOOKMARK [1][-]{section.2.3}{Shutdown procedure}{chapter.2}
\BOOKMARK [0][-]{chapter.3}{Software Overview}{}
\BOOKMARK [1][-]{section.3.1}{Scan Settings}{chapter.3}
\BOOKMARK [2][-]{subsection.3.1.1}{Single Spectrum}{section.3.1}
\BOOKMARK [2][-]{subsection.3.1.2}{Linear Scan}{section.3.1}
\BOOKMARK [2][-]{subsection.3.1.3}{Grid Scan}{section.3.1}
\BOOKMARK [1][-]{section.3.2}{Motor Control}{chapter.3}
\BOOKMARK [1][-]{section.3.3}{Detector Control}{chapter.3}
\BOOKMARK [1][-]{section.3.4}{Configuration Files}{chapter.3}
\BOOKMARK [0][-]{chapter.4}{Alignment and Data Aquisition}{}
\BOOKMARK [1][-]{section.4.1}{Setup and visual alignment}{chapter.4}
\BOOKMARK [1][-]{section.4.2}{Helium}{chapter.4}
\BOOKMARK [1][-]{section.4.3}{Initial X-ray alignment}{chapter.4}
\BOOKMARK [1][-]{section.4.4}{Focus finding and HPD measurement}{chapter.4}
\BOOKMARK [1][-]{section.4.5}{Spectrum data collection}{chapter.4}
\BOOKMARK [0][-]{chapter.5}{Data Analysis}{}
\BOOKMARK [1][-]{section.5.1}{Optic Resolution}{chapter.5}
\BOOKMARK [2][-]{subsection.5.1.1}{Half-Power Diameter}{section.5.1}
\BOOKMARK [2][-]{subsection.5.1.2}{Spatial Resolution}{section.5.1}
\BOOKMARK [2][-]{subsection.5.1.3}{Angular Resolution}{section.5.1}
\BOOKMARK [1][-]{section.5.2}{Reflectivity}{chapter.5}
\BOOKMARK [0][-]{chapter.6}{Detector Calibration}{}
\BOOKMARK [1][-]{section.6.1}{Collecting calibration spectra}{chapter.6}
\BOOKMARK [1][-]{section.6.2}{Calibration data analysis}{chapter.6}
\BOOKMARK [0][-]{chapter.7}{Troubleshooting}{}
\BOOKMARK [1][-]{section.7.1}{Can't see peak in spectrum plot}{chapter.7}
\BOOKMARK [1][-]{section.7.2}{Software freezes or gives a mysterious error}{chapter.7}
\BOOKMARK [1][-]{section.7.3}{Ran out of travel}{chapter.7}
\BOOKMARK [1][-]{section.7.4}{Detector not cooling}{chapter.7}
